<?xml version="1.0" encoding="UTF-8"?>
<testsuite name="org.processj.test.ArrayTypeTests" tests="1" skipped="0" failures="1" errors="0" timestamp="2023-10-08T21:36:28" hostname="Carloss-MBP" time="0.07">
  <properties/>
  <testcase name="testCode_array01_endToEnd()" classname="org.processj.test.ArrayTypeTests" time="0.07">
    <failure message="java.lang.NullPointerException: Cannot invoke &quot;org.processj.compiler.ast.Context.getEnclosingContext()&quot; because &quot;owningContext&quot; is null" type="java.lang.NullPointerException">java.lang.NullPointerException: Cannot invoke &quot;org.processj.compiler.ast.Context.getEnclosingContext()&quot; because &quot;owningContext&quot; is null
	at org.processj.compiler.ast.Context$SymbolMap.&lt;init&gt;(Context.java:238)
	at org.processj.compiler.ast.Context.openScope(Context.java:25)
	at org.processj.compiler.ast.Compilation.accept(Compilation.java:64)
	at org.processj.test.ArrayTypeTests.testCode_array01_endToEnd(ArrayTypeTests.java:36)
	at java.base/jdk.internal.reflect.NativeMethodAccessorImpl.invoke0(Native Method)
	at java.base/jdk.internal.reflect.NativeMethodAccessorImpl.invoke(NativeMethodAccessorImpl.java:77)
	at java.base/jdk.internal.reflect.DelegatingMethodAccessorImpl.invoke(DelegatingMethodAccessorImpl.java:43)
	at java.base/java.lang.reflect.Method.invoke(Method.java:568)
	at org.junit.platform.commons.util.ReflectionUtils.invokeMethod(ReflectionUtils.java:725)
	at org.junit.jupiter.engine.execution.MethodInvocation.proceed(MethodInvocation.java:60)
	at org.junit.jupiter.engine.execution.InvocationInterceptorChain$ValidatingInvocation.proceed(InvocationInterceptorChain.java:131)
	at org.junit.jupiter.engine.extension.TimeoutExtension.intercept(TimeoutExtension.java:149)
	at org.junit.jupiter.engine.extension.TimeoutExtension.interceptTestableMethod(TimeoutExtension.java:140)
	at org.junit.jupiter.engine.extension.TimeoutExtension.interceptTestMethod(TimeoutExtension.java:84)
	at org.junit.jupiter.engine.execution.ExecutableInvoker$ReflectiveInterceptorCall.lambda$ofVoidMethod$0(ExecutableInvoker.java:115)
	at org.junit.jupiter.engine.execution.ExecutableInvoker.lambda$invoke$0(ExecutableInvoker.java:105)
	at org.junit.jupiter.engine.execution.InvocationInterceptorChain$InterceptedInvocation.proceed(InvocationInterceptorChain.java:106)
	at org.junit.jupiter.engine.execution.InvocationInterceptorChain.proceed(InvocationInterceptorChain.java:64)
	at org.junit.jupiter.engine.execution.InvocationInterceptorChain.chainAndInvoke(InvocationInterceptorChain.java:45)
	at org.junit.jupiter.engine.execution.InvocationInterceptorChain.invoke(InvocationInterceptorChain.java:37)
	at org.junit.jupiter.engine.execution.ExecutableInvoker.invoke(ExecutableInvoker.java:104)
	at org.junit.jupiter.engine.execution.ExecutableInvoker.invoke(ExecutableInvoker.java:98)
	at org.junit.jupiter.engine.descriptor.TestMethodTestDescriptor.lambda$invokeTestMethod$7(TestMethodTestDescriptor.java:214)
	at org.junit.platform.engine.support.hierarchical.ThrowableCollector.execute(ThrowableCollector.java:73)
	at org.junit.jupiter.engine.descriptor.TestMethodTestDescriptor.invokeTestMethod(TestMethodTestDescriptor.java:210)
	at org.junit.jupiter.engine.descriptor.TestMethodTestDescriptor.execute(TestMethodTestDescriptor.java:135)
	at org.junit.jupiter.engine.descriptor.TestMethodTestDescriptor.execute(TestMethodTestDescriptor.java:66)
	at org.junit.platform.engine.support.hierarchical.NodeTestTask.lambda$executeRecursively$6(NodeTestTask.java:151)
	at org.junit.platform.engine.support.hierarchical.ThrowableCollector.execute(ThrowableCollector.java:73)
	at org.junit.platform.engine.support.hierarchical.NodeTestTask.lambda$executeRecursively$8(NodeTestTask.java:141)
	at org.junit.platform.engine.support.hierarchical.Node.around(Node.java:137)
	at org.junit.platform.engine.support.hierarchical.NodeTestTask.lambda$executeRecursively$9(NodeTestTask.java:139)
	at org.junit.platform.engine.support.hierarchical.ThrowableCollector.execute(ThrowableCollector.java:73)
	at org.junit.platform.engine.support.hierarchical.NodeTestTask.executeRecursively(NodeTestTask.java:138)
	at org.junit.platform.engine.support.hierarchical.NodeTestTask.execute(NodeTestTask.java:95)
	at java.base/java.util.ArrayList.forEach(ArrayList.java:1511)
	at org.junit.platform.engine.support.hierarchical.SameThreadHierarchicalTestExecutorService.invokeAll(SameThreadHierarchicalTestExecutorService.java:41)
	at org.junit.platform.engine.support.hierarchical.NodeTestTask.lambda$executeRecursively$6(NodeTestTask.java:155)
	at org.junit.platform.engine.support.hierarchical.ThrowableCollector.execute(ThrowableCollector.java:73)
	at org.junit.platform.engine.support.hierarchical.NodeTestTask.lambda$executeRecursively$8(NodeTestTask.java:141)
	at org.junit.platform.engine.support.hierarchical.Node.around(Node.java:137)
	at org.junit.platform.engine.support.hierarchical.NodeTestTask.lambda$executeRecursively$9(NodeTestTask.java:139)
	at org.junit.platform.engine.support.hierarchical.ThrowableCollector.execute(ThrowableCollector.java:73)
	at org.junit.platform.engine.support.hierarchical.NodeTestTask.executeRecursively(NodeTestTask.java:138)
	at org.junit.platform.engine.support.hierarchical.NodeTestTask.execute(NodeTestTask.java:95)
	at java.base/java.util.ArrayList.forEach(ArrayList.java:1511)
	at org.junit.platform.engine.support.hierarchical.SameThreadHierarchicalTestExecutorService.invokeAll(SameThreadHierarchicalTestExecutorService.java:41)
	at org.junit.platform.engine.support.hierarchical.NodeTestTask.lambda$executeRecursively$6(NodeTestTask.java:155)
	at org.junit.platform.engine.support.hierarchical.ThrowableCollector.execute(ThrowableCollector.java:73)
	at org.junit.platform.engine.support.hierarchical.NodeTestTask.lambda$executeRecursively$8(NodeTestTask.java:141)
	at org.junit.platform.engine.support.hierarchical.Node.around(Node.java:137)
	at org.junit.platform.engine.support.hierarchical.NodeTestTask.lambda$executeRecursively$9(NodeTestTask.java:139)
	at org.junit.platform.engine.support.hierarchical.ThrowableCollector.execute(ThrowableCollector.java:73)
	at org.junit.platform.engine.support.hierarchical.NodeTestTask.executeRecursively(NodeTestTask.java:138)
	at org.junit.platform.engine.support.hierarchical.NodeTestTask.execute(NodeTestTask.java:95)
	at org.junit.platform.engine.support.hierarchical.SameThreadHierarchicalTestExecutorService.submit(SameThreadHierarchicalTestExecutorService.java:35)
	at org.junit.platform.engine.support.hierarchical.HierarchicalTestExecutor.execute(HierarchicalTestExecutor.java:57)
	at org.junit.platform.engine.support.hierarchical.HierarchicalTestEngine.execute(HierarchicalTestEngine.java:54)
	at org.junit.platform.launcher.core.EngineExecutionOrchestrator.execute(EngineExecutionOrchestrator.java:107)
	at org.junit.platform.launcher.core.EngineExecutionOrchestrator.execute(EngineExecutionOrchestrator.java:88)
	at org.junit.platform.launcher.core.EngineExecutionOrchestrator.lambda$execute$0(EngineExecutionOrchestrator.java:54)
	at org.junit.platform.launcher.core.EngineExecutionOrchestrator.withInterceptedStreams(EngineExecutionOrchestrator.java:67)
	at org.junit.platform.launcher.core.EngineExecutionOrchestrator.execute(EngineExecutionOrchestrator.java:52)
	at org.junit.platform.launcher.core.DefaultLauncher.execute(DefaultLauncher.java:114)
	at org.junit.platform.launcher.core.DefaultLauncher.execute(DefaultLauncher.java:86)
	at org.junit.platform.launcher.core.DefaultLauncherSession$DelegatingLauncher.execute(DefaultLauncherSession.java:86)
	at org.gradle.api.internal.tasks.testing.junitplatform.JUnitPlatformTestClassProcessor$CollectAllTestClassesExecutor.processAllTestClasses(JUnitPlatformTestClassProcessor.java:118)
	at org.gradle.api.internal.tasks.testing.junitplatform.JUnitPlatformTestClassProcessor$CollectAllTestClassesExecutor.access$000(JUnitPlatformTestClassProcessor.java:93)
	at org.gradle.api.internal.tasks.testing.junitplatform.JUnitPlatformTestClassProcessor.stop(JUnitPlatformTestClassProcessor.java:88)
	at org.gradle.api.internal.tasks.testing.SuiteTestClassProcessor.stop(SuiteTestClassProcessor.java:62)
	at java.base/jdk.internal.reflect.NativeMethodAccessorImpl.invoke0(Native Method)
	at java.base/jdk.internal.reflect.NativeMethodAccessorImpl.invoke(NativeMethodAccessorImpl.java:77)
	at java.base/jdk.internal.reflect.DelegatingMethodAccessorImpl.invoke(DelegatingMethodAccessorImpl.java:43)
	at java.base/java.lang.reflect.Method.invoke(Method.java:568)
	at org.gradle.internal.dispatch.ReflectionDispatch.dispatch(ReflectionDispatch.java:36)
	at org.gradle.internal.dispatch.ReflectionDispatch.dispatch(ReflectionDispatch.java:24)
	at org.gradle.internal.dispatch.ContextClassLoaderDispatch.dispatch(ContextClassLoaderDispatch.java:33)
	at org.gradle.internal.dispatch.ProxyDispatchAdapter$DispatchingInvocationHandler.invoke(ProxyDispatchAdapter.java:94)
	at jdk.proxy1/jdk.proxy1.$Proxy2.stop(Unknown Source)
	at org.gradle.api.internal.tasks.testing.worker.TestWorker$3.run(TestWorker.java:193)
	at org.gradle.api.internal.tasks.testing.worker.TestWorker.executeAndMaintainThreadName(TestWorker.java:129)
	at org.gradle.api.internal.tasks.testing.worker.TestWorker.execute(TestWorker.java:100)
	at org.gradle.api.internal.tasks.testing.worker.TestWorker.execute(TestWorker.java:60)
	at org.gradle.process.internal.worker.child.ActionExecutionWorker.execute(ActionExecutionWorker.java:56)
	at org.gradle.process.internal.worker.child.SystemApplicationClassLoaderWorker.call(SystemApplicationClassLoaderWorker.java:113)
	at org.gradle.process.internal.worker.child.SystemApplicationClassLoaderWorker.call(SystemApplicationClassLoaderWorker.java:65)
	at worker.org.gradle.process.internal.worker.GradleWorkerMain.run(GradleWorkerMain.java:69)
	at worker.org.gradle.process.internal.worker.GradleWorkerMain.main(GradleWorkerMain.java:74)
</failure>
  </testcase>
  <system-out><![CDATA[]]></system-out>
  <system-err><![CDATA[line 6:22 no viable alternative at input 'new int[]'
line 6:23 mismatched input '{' expecting {'[', Identifier}
line 6:26 no viable alternative at input '1,'
line 7:22 token recognition error at: '+ '
line 7:24 no viable alternative at input 'println("x size " x'
line 9:24 no viable alternative at input 'new int[]'
line 9:27 mismatched input '{' expecting {'[', Identifier}
line 9:31 no viable alternative at input '1,'
line 9:35 extraneous input ',' expecting {';', '{', '}', 'boolean', 'char', 'byte', 'short', 'int', 'long', 'float', 'double', 'string', 'barrier', 'timer', 'void', 'shared', 'read', 'write', 'chan', 'mobile', 'const', 'native', 'public', 'private', 'protected', 'par', 'seq', 'break', 'continue', 'return', 'skip', 'stop', 'suspend', 'if', 'while', 'for', 'do', 'claim', 'switch', 'pri', 'alt', '++', '--', 'new', BooleanLiteral, 'null', Identifier, StringLiteral, FloatingPointLiteral, CharacterLiteral, IntegerLiteral}
line 9:39 no viable alternative at input '3,'
line 11:30 no viable alternative at input 'new int[]'
line 11:35 mismatched input '{' expecting {'[', Identifier}
line 12:13 no viable alternative at input '10,'
line 12:22 extraneous input ',' expecting {';', '{', '}', 'boolean', 'char', 'byte', 'short', 'int', 'long', 'float', 'double', 'string', 'barrier', 'timer', 'void', 'shared', 'read', 'write', 'chan', 'mobile', 'const', 'native', 'public', 'private', 'protected', 'par', 'seq', 'break', 'continue', 'return', 'skip', 'stop', 'suspend', 'if', 'while', 'for', 'do', 'claim', 'switch', 'pri', 'alt', '++', '--', 'new', BooleanLiteral, 'null', Identifier, StringLiteral, FloatingPointLiteral, CharacterLiteral, IntegerLiteral}
line 13:13 no viable alternative at input '50,'
line 13:22 extraneous input ',' expecting {';', '{', '}', 'boolean', 'char', 'byte', 'short', 'int', 'long', 'float', 'double', 'string', 'barrier', 'timer', 'void', 'shared', 'read', 'write', 'chan', 'mobile', 'const', 'native', 'public', 'private', 'protected', 'par', 'seq', 'break', 'continue', 'return', 'skip', 'stop', 'suspend', 'if', 'while', 'for', 'do', 'claim', 'switch', 'pri', 'alt', '++', '--', 'new', BooleanLiteral, 'null', Identifier, StringLiteral, FloatingPointLiteral, CharacterLiteral, IntegerLiteral}
line 14:13 no viable alternative at input '80,'
line 14:23 extraneous input ',' expecting {';', '{', '}', 'boolean', 'char', 'byte', 'short', 'int', 'long', 'float', 'double', 'string', 'barrier', 'timer', 'void', 'shared', 'read', 'write', 'chan', 'mobile', 'const', 'native', 'public', 'private', 'protected', 'par', 'seq', 'break', 'continue', 'return', 'skip', 'stop', 'suspend', 'if', 'while', 'for', 'do', 'claim', 'switch', 'pri', 'alt', '++', '--', 'new', BooleanLiteral, 'null', Identifier, StringLiteral, FloatingPointLiteral, CharacterLiteral, IntegerLiteral}
line 15:14 no viable alternative at input '110,'
line 15:27 extraneous input ',' expecting {';', '{', '}', 'boolean', 'char', 'byte', 'short', 'int', 'long', 'float', 'double', 'string', 'barrier', 'timer', 'void', 'shared', 'read', 'write', 'chan', 'mobile', 'const', 'native', 'public', 'private', 'protected', 'par', 'seq', 'break', 'continue', 'return', 'skip', 'stop', 'suspend', 'if', 'while', 'for', 'do', 'claim', 'switch', 'pri', 'alt', '++', '--', 'new', BooleanLiteral, 'null', Identifier, StringLiteral, FloatingPointLiteral, CharacterLiteral, IntegerLiteral}
line 16:13 no viable alternative at input '15,'
line 16:22 extraneous input ',' expecting {';', '{', '}', 'boolean', 'char', 'byte', 'short', 'int', 'long', 'float', 'double', 'string', 'barrier', 'timer', 'void', 'shared', 'read', 'write', 'chan', 'mobile', 'const', 'native', 'public', 'private', 'protected', 'par', 'seq', 'break', 'continue', 'return', 'skip', 'stop', 'suspend', 'if', 'while', 'for', 'do', 'claim', 'switch', 'pri', 'alt', '++', '--', 'new', BooleanLiteral, 'null', Identifier, StringLiteral, FloatingPointLiteral, CharacterLiteral, IntegerLiteral}
line 17:13 no viable alternative at input '22,'
line 17:22 extraneous input ',' expecting {';', '{', '}', 'boolean', 'char', 'byte', 'short', 'int', 'long', 'float', 'double', 'string', 'barrier', 'timer', 'void', 'shared', 'read', 'write', 'chan', 'mobile', 'const', 'native', 'public', 'private', 'protected', 'par', 'seq', 'break', 'continue', 'return', 'skip', 'stop', 'suspend', 'if', 'while', 'for', 'do', 'claim', 'switch', 'pri', 'alt', '++', '--', 'new', BooleanLiteral, 'null', Identifier, StringLiteral, FloatingPointLiteral, CharacterLiteral, IntegerLiteral}
line 18:13 no viable alternative at input '33,'
line 18:22 extraneous input ',' expecting {';', '{', '}', 'boolean', 'char', 'byte', 'short', 'int', 'long', 'float', 'double', 'string', 'barrier', 'timer', 'void', 'shared', 'read', 'write', 'chan', 'mobile', 'const', 'native', 'public', 'private', 'protected', 'par', 'seq', 'break', 'continue', 'return', 'skip', 'stop', 'suspend', 'if', 'while', 'for', 'do', 'claim', 'switch', 'pri', 'alt', '++', '--', 'new', BooleanLiteral, 'null', Identifier, StringLiteral, FloatingPointLiteral, CharacterLiteral, IntegerLiteral}
line 19:13 no viable alternative at input '78,'
line 21:29 token recognition error at: '+ '
line 21:31 no viable alternative at input 'println("array[0] size " array'
line 22:32 token recognition error at: '+ '
line 22:34 no viable alternative at input 'println("array[0][0] size " array'
line 24:29 no viable alternative at input 'new int[]'
line 24:35 mismatched input '{' expecting {'[', Identifier}
line 26:17 no viable alternative at input '1,'
line 26:24 extraneous input ',' expecting {';', '{', '}', 'boolean', 'char', 'byte', 'short', 'int', 'long', 'float', 'double', 'string', 'barrier', 'timer', 'void', 'shared', 'read', 'write', 'chan', 'mobile', 'const', 'native', 'public', 'private', 'protected', 'par', 'seq', 'break', 'continue', 'return', 'skip', 'stop', 'suspend', 'if', 'while', 'for', 'do', 'claim', 'switch', 'pri', 'alt', '++', '--', 'new', BooleanLiteral, 'null', Identifier, StringLiteral, FloatingPointLiteral, CharacterLiteral, IntegerLiteral}
line 27:17 no viable alternative at input '2,'
line 28:15 extraneous input ',' expecting {';', '{', '}', 'boolean', 'char', 'byte', 'short', 'int', 'long', 'float', 'double', 'string', 'barrier', 'timer', 'void', 'shared', 'read', 'write', 'chan', 'mobile', 'const', 'native', 'public', 'private', 'protected', 'par', 'seq', 'break', 'continue', 'return', 'skip', 'stop', 'suspend', 'if', 'while', 'for', 'do', 'claim', 'switch', 'pri', 'alt', '++', '--', 'new', BooleanLiteral, 'null', Identifier, StringLiteral, FloatingPointLiteral, CharacterLiteral, IntegerLiteral}
line 30:17 no viable alternative at input '4,'
line 30:27 extraneous input ',' expecting {';', '{', '}', 'boolean', 'char', 'byte', 'short', 'int', 'long', 'float', 'double', 'string', 'barrier', 'timer', 'void', 'shared', 'read', 'write', 'chan', 'mobile', 'const', 'native', 'public', 'private', 'protected', 'par', 'seq', 'break', 'continue', 'return', 'skip', 'stop', 'suspend', 'if', 'while', 'for', 'do', 'claim', 'switch', 'pri', 'alt', '++', '--', 'new', BooleanLiteral, 'null', Identifier, StringLiteral, FloatingPointLiteral, CharacterLiteral, IntegerLiteral}
line 31:17 no viable alternative at input '1}'
line 31:18 extraneous input ',' expecting {';', '{', '}', 'boolean', 'char', 'byte', 'short', 'int', 'long', 'float', 'double', 'string', 'barrier', 'timer', 'void', 'shared', 'read', 'write', 'chan', 'mobile', 'const', 'native', 'public', 'private', 'protected', 'par', 'seq', 'break', 'continue', 'return', 'skip', 'stop', 'suspend', 'if', 'while', 'for', 'do', 'claim', 'switch', 'pri', 'alt', '++', '--', 'new', BooleanLiteral, 'null', Identifier, StringLiteral, FloatingPointLiteral, CharacterLiteral, IntegerLiteral}
line 32:17 no viable alternative at input '2,'
line 35:28 token recognition error at: '+ '
line 35:30 no viable alternative at input 'println("test[0] size " test'
line 36:31 token recognition error at: '+ '
line 36:33 no viable alternative at input 'println("test[0][0] size " test'
]]></system-err>
</testsuite>
